#
# There is insufficient memory for the Java Runtime Environment to continue.
# Native memory allocation (mmap) failed to map 8323072 bytes for G1 virtual space
# Possible reasons:
#   The system is out of physical RAM or swap space
#   The process is running with CompressedOops enabled, and the Java Heap may be blocking the growth of the native heap
# Possible solutions:
#   Reduce memory load on the system
#   Increase physical memory or swap space
#   Check if swap backing store is full
#   Decrease Java heap size (-Xmx/-Xms)
#   Decrease number of Java threads
#   Decrease Java thread stack sizes (-Xss)
#   Set larger code cache with -XX:ReservedCodeCacheSize=
#   JVM is running with Zero Based Compressed Oops mode in which the Java heap is
#     placed in the first 32GB address space. The Java Heap base address is the
#     maximum limit for the native heap growth. Please use -XX:HeapBaseMinAddress
#     to set the Java Heap base and to place the Java Heap above 32GB virtual address.
# This output file may be truncated or incomplete.
#
#  Out of Memory Error (os_windows.cpp:3825), pid=27136, tid=1280
#
# JRE version:  (17.0.9) (build )
# Java VM: OpenJDK 64-Bit Server VM (17.0.9+0--11185874, mixed mode, sharing, tiered, compressed oops, compressed class ptrs, g1 gc, windows-amd64)
# No core dump will be written. Minidumps are not enabled by default on client versions of Windows
#

---------------  S U M M A R Y ------------

Command Line: org.jetbrains.kotlin.cli.jvm.K2JVMCompiler @C:\Users\User\AndroidStudioProjects\ZenFireLite\app\build\20240503_3081562421103256901.compiler.options

Host: Intel(R) Core(TM) i9-9880H CPU @ 2.30GHz, 16 cores, 31G,  Windows 10 , 64 bit Build 19041 (10.0.19041.3636)
Time: Fri May  3 13:37:37 2024 India Standard Time elapsed time: 0.011360 seconds (0d 0h 0m 0s)

---------------  T H R E A D  ---------------

Current thread (0x00000211f4b6c4a0):  JavaThread "Unknown thread" [_thread_in_vm, id=1280, stack(0x0000002698400000,0x0000002698500000)]

Stack: [0x0000002698400000,0x0000002698500000]
Native frames: (J=compiled Java code, j=interpreted, Vv=VM code, C=native code)
V  [jvm.dll+0x6886e9]
V  [jvm.dll+0x841e4a]
V  [jvm.dll+0x843a8e]
V  [jvm.dll+0x8440f3]
V  [jvm.dll+0x24c14f]
V  [jvm.dll+0x685499]
V  [jvm.dll+0x679c2a]
V  [jvm.dll+0x30cf9b]
V  [jvm.dll+0x314446]
V  [jvm.dll+0x364288]
V  [jvm.dll+0x36448f]
V  [jvm.dll+0x2e2d68]
V  [jvm.dll+0x2e3cd4]
V  [jvm.dll+0x8129f1]
V  [jvm.dll+0x3720c1]
V  [jvm.dll+0x7f152c]
V  [jvm.dll+0x3f5d4f]
V  [jvm.dll+0x3f7981]
C  [jli.dll+0x528f]
C  [ucrtbase.dll+0x21bb2]
C  [KERNEL32.DLL+0x17344]
C  [ntdll.dll+0x526b1]


---------------  P R O C E S S  ---------------

Threads class SMR info:
_java_thread_list=0x00007ffea4eeef18, length=0, elements={
}

Java Threads: ( => current thread )

Other Threads:
  0x00000211f4c17d50 GCTaskThread "GC Thread#0" [stack: 0x0000002698500000,0x0000002698600000] [id=3348]
  0x00000211f4c28a70 ConcurrentGCThread "G1 Main Marker" [stack: 0x0000002698600000,0x0000002698700000] [id=348]
  0x00000211f4c29c30 ConcurrentGCThread "G1 Conc#0" [stack: 0x0000002698700000,0x0000002698800000] [id=31672]

[error occurred during error reporting (printing all threads), id 0xc0000005, EXCEPTION_ACCESS_VIOLATION (0xc0000005) at pc=0x00007ffea46a3937]

VM state: not at safepoint (not fully initialized)

VM Mutex/Monitor currently owned by a thread:  ([mutex/lock_event])
[0x00000211f4b686e0] Heap_lock - owner thread: 0x00000211f4b6c4a0

Heap address: 0x0000000604400000, size: 8124 MB, Compressed Oops mode: Zero based, Oop shift amount: 3

CDS archive(s) mapped at: [0x0000000000000000-0x0000000000000000-0x0000000000000000), size 0, SharedBaseAddress: 0x0000000800000000, ArchiveRelocationMode: 1.
Narrow klass base: 0x0000000000000000, Narrow klass shift: 0, Narrow klass range: 0x0

GC Precious Log:
<Empty>

Heap:
 garbage-first heap   total 0K, used 0K [0x0000000604400000, 0x0000000800000000)
  region size 4096K, 0 young (0K), 0 survivors (0K)
 Metaspace       used 0K, committed 0K, reserved 0K
  class space    used 0K, committed 0K, reserved 0K

Heap Regions: E=young(eden), S=young(survivor), O=old, HS=humongous(starts), HC=humongous(continues), CS=collection set, F=free, OA=open archive, CA=closed archive, TAMS=top-at-mark-start (previous, next)

Card table byte_map: [0x00000211f98b0000,0x00000211fa890000] _byte_map_base: 0x00000211f688e000

Marking Bits (Prev, Next): (CMBitMap*) 0x00000211f4c18370, (CMBitMap*) 0x00000211f4c183b0
 Prev Bits: [0x000002118f000000, 0x0000021196ef0000)
 Next Bits: [0x0000021196ef0000, 0x000002119ede0000)

GC Heap History (0 events):
No events

Dll operation events (1 events):
Event: 0.006 Loaded shared library C:\Program Files\Android\Android Studio\jbr\bin\java.dll

Deoptimization events (0 events):
No events

Classes unloaded (0 events):
No events

Classes redefined (0 events):
No events

Internal exceptions (0 events):
No events

VM Operations (0 events):
No events

Events (0 events):
No events


Dynamic libraries:
0x00007ff62bc20000 - 0x00007ff62bc2a000 	C:\Program Files\Android\Android Studio\jbr\bin\java.exe
0x00007ffeee610000 - 0x00007ffeee808000 	C:\Windows\SYSTEM32\ntdll.dll
0x00007ffeec850000 - 0x00007ffeec90d000 	C:\Windows\System32\KERNEL32.DLL
0x00007ffeec250000 - 0x00007ffeec546000 	C:\Windows\System32\KERNELBASE.dll
0x00007ffeebeb0000 - 0x00007ffeebfb0000 	C:\Windows\System32\ucrtbase.dll
0x00007ffed2020000 - 0x00007ffed2037000 	C:\Program Files\Android\Android Studio\jbr\bin\jli.dll
0x00007ffed1bb0000 - 0x00007ffed1bcb000 	C:\Program Files\Android\Android Studio\jbr\bin\VCRUNTIME140.dll
0x00007ffeed690000 - 0x00007ffeed82f000 	C:\Windows\System32\USER32.dll
0x00007ffeebfb0000 - 0x00007ffeebfd2000 	C:\Windows\System32\win32u.dll
0x00007ffecf510000 - 0x00007ffecf7aa000 	C:\Windows\WinSxS\amd64_microsoft.windows.common-controls_6595b64144ccf1df_6.0.19041.3636_none_60b6a03d71f818d5\COMCTL32.dll
0x00007ffeec640000 - 0x00007ffeec66b000 	C:\Windows\System32\GDI32.dll
0x00007ffeed890000 - 0x00007ffeed92e000 	C:\Windows\System32\msvcrt.dll
0x00007ffeebfe0000 - 0x00007ffeec0f7000 	C:\Windows\System32\gdi32full.dll
0x00007ffeec5a0000 - 0x00007ffeec63d000 	C:\Windows\System32\msvcp_win.dll
0x00007ffeed850000 - 0x00007ffeed882000 	C:\Windows\System32\IMM32.DLL
0x00007ffed8460000 - 0x00007ffed846c000 	C:\Program Files\Android\Android Studio\jbr\bin\vcruntime140_1.dll
0x00007ffeb12e0000 - 0x00007ffeb136d000 	C:\Program Files\Android\Android Studio\jbr\bin\msvcp140.dll
0x00007ffea43b0000 - 0x00007ffea5033000 	C:\Program Files\Android\Android Studio\jbr\bin\server\jvm.dll
0x00007ffeeca10000 - 0x00007ffeecac0000 	C:\Windows\System32\ADVAPI32.dll
0x00007ffeed940000 - 0x00007ffeed9e0000 	C:\Windows\System32\sechost.dll
0x00007ffeed0f0000 - 0x00007ffeed213000 	C:\Windows\System32\RPCRT4.dll
0x00007ffeec100000 - 0x00007ffeec127000 	C:\Windows\System32\bcrypt.dll
0x00007ffee60b0000 - 0x00007ffee60b9000 	C:\Windows\SYSTEM32\WSOCK32.dll
0x00007ffeeb250000 - 0x00007ffeeb29b000 	C:\Windows\SYSTEM32\POWRPROF.dll
0x00007ffed4520000 - 0x00007ffed4547000 	C:\Windows\SYSTEM32\WINMM.dll
0x00007ffee2bb0000 - 0x00007ffee2bba000 	C:\Windows\SYSTEM32\VERSION.dll
0x00007ffeec9a0000 - 0x00007ffeeca0b000 	C:\Windows\System32\WS2_32.dll
0x00007ffeeb0c0000 - 0x00007ffeeb0d2000 	C:\Windows\SYSTEM32\UMPDC.dll
0x00007ffeea4e0000 - 0x00007ffeea4f2000 	C:\Windows\SYSTEM32\kernel.appcore.dll
0x00007ffee49a0000 - 0x00007ffee49aa000 	C:\Program Files\Android\Android Studio\jbr\bin\jimage.dll
0x00007ffee9980000 - 0x00007ffee9b64000 	C:\Windows\SYSTEM32\DBGHELP.DLL
0x00007ffed8f00000 - 0x00007ffed8f34000 	C:\Windows\SYSTEM32\dbgcore.DLL
0x00007ffeebe20000 - 0x00007ffeebea2000 	C:\Windows\System32\bcryptPrimitives.dll
0x00007ffed2500000 - 0x00007ffed2525000 	C:\Program Files\Android\Android Studio\jbr\bin\java.dll

dbghelp: loaded successfully - version: 4.0.5 - missing functions: none
symbol engine: initialized successfully - sym options: 0x614 - pdb path: .;C:\Program Files\Android\Android Studio\jbr\bin;C:\Windows\SYSTEM32;C:\Windows\WinSxS\amd64_microsoft.windows.common-controls_6595b64144ccf1df_6.0.19041.3636_none_60b6a03d71f818d5;C:\Program Files\Android\Android Studio\jbr\bin\server

VM Arguments:
java_command: org.jetbrains.kotlin.cli.jvm.K2JVMCompiler @C:\Users\User\AndroidStudioProjects\ZenFireLite\app\build\20240503_3081562421103256901.compiler.options
java_class_path (initial): C:\Users\User\.gradle\caches\modules-2\files-2.1\org.jetbrains.kotlin\kotlin-compiler-embeddable\1.9.0\2c8c3a7402becca891f12739b3e9fd2dc2adbd7a\kotlin-compiler-embeddable-1.9.0.jar;C:\Users\User\.gradle\caches\modules-2\files-2.1\org.jetbrains.kotlin\kotlin-stdlib\1.9.0\8ee15ef0c67dc83d874f412d84378d7f0eb50b63\kotlin-stdlib-1.9.0.jar;C:\Users\User\.gradle\caches\modules-2\files-2.1\org.jetbrains.kotlin\kotlin-script-runtime\1.9.0\4b3102cbbb7e1b58d9d1adf89563f00069ffa7d1\kotlin-script-runtime-1.9.0.jar;C:\Users\User\.gradle\caches\modules-2\files-2.1\org.jetbrains.kotlin\kotlin-reflect\1.6.10\1cbe9c92c12a94eea200d23c2bbaedaf3daf5132\kotlin-reflect-1.6.10.jar;C:\Users\User\.gradle\caches\modules-2\files-2.1\org.jetbrains.kotlin\kotlin-daemon-embeddable\1.9.0\186543f5e28cf8d9a0290fecc2cf34301c40a65c\kotlin-daemon-embeddable-1.9.0.jar;C:\Users\User\.gradle\caches\modules-2\files-2.1\org.jetbrains.intellij.deps\trove4j\1.0.20200330\3afb14d5f9ceb459d724e907a21145e8ff394f02\trove4j-1.0.20200330.jar;C:\Users\User\.gradle\caches\modules-2\files-2.1\org.jetbrains.kotlin\kotlin-stdlib-common\1.9.0\cd65c21cfd1eec4d44ef09f9f52b6d9f8a720636\kotlin-stdlib-common-1.9.0.jar;C:\Users\User\.gradle\caches\modules-2\files-2.1\org.jetbrains\annotations\13.0\919f0dfe192fb4e063e7dacadee7f8bb9a2672a9\annotations-13.0.jar
Launcher Type: SUN_STANDARD

[Global flags]
     intx CICompilerCount                          = 12                                        {product} {ergonomic}
     uint ConcGCThreads                            = 3                                         {product} {ergonomic}
     uint G1ConcRefinementThreads                  = 13                                        {product} {ergonomic}
   size_t G1HeapRegionSize                         = 4194304                                   {product} {ergonomic}
    uintx GCDrainStackTargetSize                   = 64                                        {product} {ergonomic}
   size_t InitialHeapSize                          = 532676608                                 {product} {ergonomic}
   size_t MarkStackSize                            = 4194304                                   {product} {ergonomic}
   size_t MaxHeapSize                              = 8518631424                                {product} {ergonomic}
   size_t MinHeapDeltaBytes                        = 4194304                                   {product} {ergonomic}
   size_t MinHeapSize                              = 8388608                                   {product} {ergonomic}
    uintx NonNMethodCodeHeapSize                   = 7602480                                {pd product} {ergonomic}
    uintx NonProfiledCodeHeapSize                  = 122027880                              {pd product} {ergonomic}
    uintx ProfiledCodeHeapSize                     = 122027880                              {pd product} {ergonomic}
    uintx ReservedCodeCacheSize                    = 251658240                              {pd product} {ergonomic}
     bool SegmentedCodeCache                       = true                                      {product} {ergonomic}
   size_t SoftMaxHeapSize                          = 8518631424                             {manageable} {ergonomic}
     bool UseCompressedClassPointers               = true                           {product lp64_product} {ergonomic}
     bool UseCompressedOops                        = true                           {product lp64_product} {ergonomic}
     bool UseG1GC                                  = true                                      {product} {ergonomic}
     bool UseLargePagesIndividualAllocation        = false                                  {pd product} {ergonomic}

Logging:
Log output configuration:
 #0: stdout all=warning uptime,level,tags
 #1: stderr all=off uptime,level,tags

Environment Variables:
PATH=C:\Program Files (x86)\Common Files\Oracle\Java\javapath;C:\Windows\system32;C:\Windows;C:\Windows\System32\Wbem;C:\Windows\System32\WindowsPowerShell\v1.0\;C:\Program Files\dotnet\;C:\Program Files\Git\cmd;C:\Program Files\Git\bin\;C:\Windows\System32\OpenSSH\;C:\Users\User\AppData\Local\Microsoft\WindowsApps;C:\Users\User\AppData\Local\Android\sdk\platform-tools;
USERNAME=User
OS=Windows_NT
PROCESSOR_IDENTIFIER=Intel64 Family 6 Model 158 Stepping 13, GenuineIntel
TMP=C:\Users\User\AppData\Local\Temp
TEMP=C:\Users\User\AppData\Local\Temp



Periodic native trim disabled

JNI global refs:
JNI global refs: 0, weak refs: 0

JNI global refs memory usage: 0, weak refs: 0

OOME stack traces (most recent first):
Classloader memory used:


---------------  S Y S T E M  ---------------

OS:
 Windows 10 , 64 bit Build 19041 (10.0.19041.3636)
OS uptime: 14 days 21:22 hours

CPU: total 16 (initial active 16) (8 cores per cpu, 2 threads per core) family 6 model 158 stepping 13 microcode 0xfa, cx8, cmov, fxsr, ht, mmx, 3dnowpref, sse, sse2, sse3, ssse3, sse4.1, sse4.2, popcnt, lzcnt, tsc, tscinvbit, avx, avx2, aes, erms, clmul, bmi1, bmi2, adx, fma, vzeroupper, clflush, clflushopt
Processor Information for all 16 processors :
  Max Mhz: 2304, Current Mhz: 2304, Mhz Limit: 2304

Memory: 4k page, system-wide physical 32495M (1149M free)
TotalPageFile size 58100M (AvailPageFile size 5M)
current process WorkingSet (physical memory assigned to process): 10M, peak: 10M
current process commit charge ("private bytes"): 587M, peak: 595M

vm_info: OpenJDK 64-Bit Server VM (17.0.9+0--11185874) for windows-amd64 JRE (17.0.9+0--11185874), built on Dec  6 2023 18:57:44 by "androidbuild" with MS VC++ 16.10 / 16.11 (VS2019)

END.
